Arguments: 
  /Users/hh/.nvm/versions/node/v16.13.1/bin/node /Users/hh/.yarn/bin/yarn.js add threejs

PATH: 
  /Users/hh/.yarn/bin:/Users/hh/.config/yarn/global/node_modules/.bin:/Users/hh/.nvm/versions/node/v16.13.1/bin:/Users/hh/.poetry/bin:/Users/hh/.pyenv/shims:/Users/hh/.pyenv/bin:/usr/local/bin:/usr/bin:/bin:/usr/sbin:/sbin:/usr/local/go/bin:/Library/Apple/usr/bin:GOROOT/bin:/Users/hh/flutter/bin

Yarn version: 
  1.22.15

Node version: 
  16.13.1

Platform: 
  darwin x64

Trace: 
  Error: https://registry.npmjs.org/threejs: Not found
      at Request.params.callback [as _callback] (/Users/hh/.yarn/lib/cli.js:67031:18)
      at Request.self.callback (/Users/hh/.yarn/lib/cli.js:140885:22)
      at Request.emit (node:events:390:28)
      at Request.<anonymous> (/Users/hh/.yarn/lib/cli.js:141857:10)
      at Request.emit (node:events:390:28)
      at IncomingMessage.<anonymous> (/Users/hh/.yarn/lib/cli.js:141779:12)
      at Object.onceWrapper (node:events:509:28)
      at IncomingMessage.emit (node:events:402:35)
      at endReadableNT (node:internal/streams/readable:1343:12)
      at processTicksAndRejections (node:internal/process/task_queues:83:21)

npm manifest: 
  {
    "name": "threejs",
    "version": "1.0.0",
    "main": "index.js",
    "author": "zhanghaoran <zhanghaoran@hl.com>",
    "license": "MIT"
  }

yarn manifest: 
  No manifest

Lockfile: 
  No lockfile
